<?xml version="1.0" encoding="UTF-8"?>
<!-- Generated by org.testng.reporters.JUnitReportReporter -->
<testsuite hostname="LAPTOP-M8DQC35L" failures="0" tests="1" name="com.adactin.testcases.TC004_Select_Hotel" time="39.697" errors="0" timestamp="28 Nov 2023 16:56:11 GMT">
  <testcase classname="com.adactin.testcases.TC004_Select_Hotel" name="TC004" time="39.697"/>
</testsuite> <!-- com.adactin.testcases.TC004_Select_Hotel -->
