<?xml version="1.0" encoding="UTF-8"?>
<!-- Generated by org.testng.reporters.JUnitReportReporter -->
<testsuite hostname="LAPTOP-M8DQC35L" failures="0" tests="1" name="com.adactin.testcases.TC003_Print_Dropdown_Location_Values" time="34.201" errors="0" timestamp="28 Nov 2023 16:56:11 GMT">
  <testcase classname="com.adactin.testcases.TC003_Print_Dropdown_Location_Values" name="TC003" time="34.201"/>
</testsuite> <!-- com.adactin.testcases.TC003_Print_Dropdown_Location_Values -->
