<?xml version="1.0" encoding="UTF-8"?>
<!-- Generated by org.testng.reporters.JUnitReportReporter -->
<testsuite hostname="LAPTOP-M8DQC35L" failures="0" tests="1" name="com.shoppingcart.testscripts.TC001_IncorrectLogin" time="20.334" errors="0" timestamp="2024-03-30T08:46:24 IST" skipped="0">
  <testcase classname="com.shoppingcart.testscripts.TC001_IncorrectLogin" name="TC001_InvalidLogin" time="20.334"/>
  <system-out/>
</testsuite> <!-- com.shoppingcart.testscripts.TC001_IncorrectLogin -->
