<?xml version="1.0" encoding="UTF-8"?>
<!-- Generated by org.testng.reporters.JUnitReportReporter -->
<testsuite hostname="LAPTOP-M8DQC35L" failures="0" tests="1" name="com.shoppingcart.testscripts.TC001_IncorrectLogin" time="26.677" errors="0" timestamp="2024-03-29T23:02:25 IST" skipped="0">
  <testcase classname="com.shoppingcart.testscripts.TC001_IncorrectLogin" name="TC001_InvalidLogin" time="26.677"/>
</testsuite> <!-- com.shoppingcart.testscripts.TC001_IncorrectLogin -->
